0 info it worked if it ends with ok
1 verbose cli [ '/Users/yangmingyue/.nvm/versions/node/v6.11.4/bin/node',
1 verbose cli   '/Users/yangmingyue/.nvm/versions/node/v6.11.4/bin/npm',
1 verbose cli   'run',
1 verbose cli   'pub' ]
2 info using npm@3.10.10
3 info using node@v6.11.4
4 verbose run-script [ 'prepub', 'pub', 'postpub' ]
5 info lifecycle vue-install@1.0.0~prepub: vue-install@1.0.0
6 silly lifecycle vue-install@1.0.0~prepub: no script for prepub, continuing
7 info lifecycle vue-install@1.0.0~pub: vue-install@1.0.0
8 verbose lifecycle vue-install@1.0.0~pub: unsafe-perm in lifecycle true
9 verbose lifecycle vue-install@1.0.0~pub: PATH: /Users/yangmingyue/.nvm/versions/node/v6.11.4/lib/node_modules/npm/bin/node-gyp-bin:/Users/yangmingyue/vue-install/node_modules/.bin:/Users/yangmingyue/.nvm/versions/node/v6.11.4/bin:/usr/local/bin:/usr/bin:/bin:/usr/sbin:/sbin:/Users/yangmingyue/.rvm/bin
10 verbose lifecycle vue-install@1.0.0~pub: CWD: /Users/yangmingyue/vue-install
11 silly lifecycle vue-install@1.0.0~pub: Args: [ '-c', 'npm run build && npm publish' ]
12 silly lifecycle vue-install@1.0.0~pub: Returned: code: 1  signal: null
13 info lifecycle vue-install@1.0.0~pub: Failed to exec pub script
14 verbose stack Error: vue-install@1.0.0 pub: `npm run build && npm publish`
14 verbose stack Exit status 1
14 verbose stack     at EventEmitter.<anonymous> (/Users/yangmingyue/.nvm/versions/node/v6.11.4/lib/node_modules/npm/lib/utils/lifecycle.js:255:16)
14 verbose stack     at emitTwo (events.js:106:13)
14 verbose stack     at EventEmitter.emit (events.js:191:7)
14 verbose stack     at ChildProcess.<anonymous> (/Users/yangmingyue/.nvm/versions/node/v6.11.4/lib/node_modules/npm/lib/utils/spawn.js:40:14)
14 verbose stack     at emitTwo (events.js:106:13)
14 verbose stack     at ChildProcess.emit (events.js:191:7)
14 verbose stack     at maybeClose (internal/child_process.js:920:16)
14 verbose stack     at Process.ChildProcess._handle.onexit (internal/child_process.js:230:5)
15 verbose pkgid vue-install@1.0.0
16 verbose cwd /Users/yangmingyue/vue-install
17 error Darwin 17.5.0
18 error argv "/Users/yangmingyue/.nvm/versions/node/v6.11.4/bin/node" "/Users/yangmingyue/.nvm/versions/node/v6.11.4/bin/npm" "run" "pub"
19 error node v6.11.4
20 error npm  v3.10.10
21 error code ELIFECYCLE
22 error vue-install@1.0.0 pub: `npm run build && npm publish`
22 error Exit status 1
23 error Failed at the vue-install@1.0.0 pub script 'npm run build && npm publish'.
23 error Make sure you have the latest version of node.js and npm installed.
23 error If you do, this is most likely a problem with the vue-install package,
23 error not with npm itself.
23 error Tell the author that this fails on your system:
23 error     npm run build && npm publish
23 error You can get information on how to open an issue for this project with:
23 error     npm bugs vue-install
23 error Or if that isn't available, you can get their info via:
23 error     npm owner ls vue-install
23 error There is likely additional logging output above.
24 verbose exit [ 1, true ]
